<?xml version="1.0" encoding="UTF-8"?>
<!-- Generated by org.testng.reporters.JUnitXMLReporter -->
<testsuite ignored="0" hostname="admin-" failures="1" tests="1" name="Surefire test" time="0.362" errors="0" timestamp="2026-09-09T14:47:41 IST">
  <testcase classname="com.interview.api.tests.CandidateApiTest" name="automateInterviewApi" time="0.348">
    <failure type="java.lang.IllegalStateException" message="Set API_BASE_URL or -Dapi.base.url before running API tests.">
      <![CDATA[java.lang.IllegalStateException: Set API_BASE_URL or -Dapi.base.url before running API tests.
at com.interview.api.config.ApiConfig.baseUrl(ApiConfig.java:13)
at com.interview.api.endpoints.CandidateEndpoints.url(CandidateEndpoints.java:16)
at com.interview.api.helpers.CandidateApiHelper.process(CandidateApiHelper.java:39)
at com.interview.api.helpers.CandidateApiHelper.test(CandidateApiHelper.java:51)
at com.interview.api.tests.CandidateApiTest.automateInterviewApi(CandidateApiTest.java:9)
at java.base/java.util.ArrayList.forEach(ArrayList.java:1596)
... Removed 30 stack frames]]>
    </failure>
  </testcase> <!-- automateInterviewApi -->
</testsuite> <!-- Surefire test -->
